# JRE version: OpenJDK Runtime Environment (11.0.13) (build 11.0.13+0-b1751.21-8125866)
# Java VM: OpenJDK 64-Bit Server VM (11.0.13+0-b1751.21-8125866, mixed mode, tiered, compressed oops, g1 gc, windows-amd64)
Heap:
 garbage-first heap   total 395264K, used 173090K [0x0000000080000000, 0x0000000100000000)
  region size 1024K, 5 young (5120K), 5 survivors (5120K)
 Metaspace       used 101697K, capacity 104189K, committed 104528K, reserved 1140736K
  class space    used 13061K, capacity 14011K, committed 14208K, reserved 1048576K
GC Heap History (20 events):
Event: 11.594 GC heap before
{Heap before GC invocations=31 (full 0):
 garbage-first heap   total 273408K, used 220448K [0x0000000080000000, 0x0000000100000000)
  region size 1024K, 67 young (68608K), 5 survivors (5120K)
 Metaspace       used 99564K, capacity 101892K, committed 102608K, reserved 1138688K
  class space    used 12929K, capacity 13841K, committed 14080K, reserved 1048576K
}
Event: 11.599 GC heap after
{Heap after GC invocations=32 (full 0):
 garbage-first heap   total 273408K, used 157676K [0x0000000080000000, 0x0000000100000000)
  region size 1024K, 6 young (6144K), 6 survivors (6144K)
 Metaspace       used 99564K, capacity 101892K, committed 102608K, reserved 1138688K
  class space    used 12929K, capacity 13841K, committed 14080K, reserved 1048576K
}
Event: 11.695 GC heap before
{Heap before GC invocations=33 (full 0):
 garbage-first heap   total 273408K, used 222188K [0x0000000080000000, 0x0000000100000000)
  region size 1024K, 69 young (70656K), 6 survivors (6144K)
 Metaspace       used 99644K, capacity 101956K, committed 102608K, reserved 1138688K
  class space    used 12929K, capacity 13841K, committed 14080K, reserved 1048576K
}
Event: 11.704 GC heap after
{Heap after GC invocations=34 (full 0):
 garbage-first heap   total 328704K, used 162776K [0x0000000080000000, 0x0000000100000000)
  region size 1024K, 9 young (9216K), 9 survivors (9216K)
 Metaspace       used 99644K, capacity 101956K, committed 102608K, reserved 1138688K
  class space    used 12929K, capacity 13841K, committed 14080K, reserved 1048576K
}
Event: 11.894 GC heap before
{Heap before GC invocations=34 (full 0):
 garbage-first heap   total 328704K, used 249816K [0x0000000080000000, 0x0000000100000000)
  region size 1024K, 94 young (96256K), 9 survivors (9216K)
 Metaspace       used 99662K, capacity 102020K, committed 102608K, reserved 1138688K
  class space    used 12930K, capacity 13841K, committed 14080K, reserved 1048576K
}
Event: 11.915 GC heap after
{Heap after GC invocations=35 (full 0):
 garbage-first heap   total 328704K, used 169277K [0x0000000080000000, 0x0000000100000000)
  region size 1024K, 12 young (12288K), 12 survivors (12288K)
 Metaspace       used 99662K, capacity 102020K, committed 102608K, reserved 1138688K
  class space    used 12930K, capacity 13841K, committed 14080K, reserved 1048576K
}
Event: 12.378 GC heap before
{Heap before GC invocations=36 (full 0):
 garbage-first heap   total 328704K, used 255293K [0x0000000080000000, 0x0000000100000000)
  region size 1024K, 96 young (98304K), 12 survivors (12288K)
 Metaspace       used 100015K, capacity 102412K, committed 103120K, reserved 1138688K
  class space    used 12940K, capacity 13843K, committed 14080K, reserved 1048576K
}
Event: 12.388 GC heap after
{Heap after GC invocations=37 (full 0):
 garbage-first heap   total 328704K, used 170928K [0x0000000080000000, 0x0000000100000000)
  region size 1024K, 2 young (2048K), 2 survivors (2048K)
 Metaspace       used 100015K, capacity 102412K, committed 103120K, reserved 1138688K
  class space    used 12940K, capacity 13843K, committed 14080K, reserved 1048576K
}
Event: 12.679 GC heap before
{Heap before GC invocations=37 (full 0):
 garbage-first heap   total 328704K, used 258992K [0x0000000080000000, 0x0000000100000000)
  region size 1024K, 88 young (90112K), 2 survivors (2048K)
 Metaspace       used 100324K, capacity 102731K, committed 103376K, reserved 1138688K
  class space    used 12959K, capacity 13879K, committed 14080K, reserved 1048576K
}
Event: 12.682 GC heap after
{Heap after GC invocations=38 (full 0):
 garbage-first heap   total 328704K, used 169904K [0x0000000080000000, 0x0000000100000000)
  region size 1024K, 1 young (1024K), 1 survivors (1024K)
 Metaspace       used 100324K, capacity 102731K, committed 103376K, reserved 1138688K
  class space    used 12959K, capacity 13879K, committed 14080K, reserved 1048576K
}
Event: 12.877 GC heap before
{Heap before GC invocations=38 (full 0):
 garbage-first heap   total 328704K, used 262064K [0x0000000080000000, 0x0000000100000000)
  region size 1024K, 91 young (93184K), 1 survivors (1024K)
 Metaspace       used 100590K, capacity 102952K, committed 103376K, reserved 1138688K
  class space    used 12970K, capacity 13887K, committed 14080K, reserved 1048576K
}
Event: 12.880 GC heap after
{Heap after GC invocations=39 (full 0):
 garbage-first heap   total 328704K, used 170216K [0x0000000080000000, 0x0000000100000000)
  region size 1024K, 2 young (2048K), 2 survivors (2048K)
 Metaspace       used 100590K, capacity 102952K, committed 103376K, reserved 1138688K
  class space    used 12970K, capacity 13887K, committed 14080K, reserved 1048576K
}
Event: 13.198 GC heap before
{Heap before GC invocations=40 (full 0):
 garbage-first heap   total 328704K, used 264424K [0x0000000080000000, 0x0000000100000000)
  region size 1024K, 94 young (96256K), 2 survivors (2048K)
 Metaspace       used 100916K, capacity 103304K, committed 103888K, reserved 1138688K
  class space    used 12985K, capacity 13893K, committed 14080K, reserved 1048576K
}
Event: 13.200 GC heap after
{Heap after GC invocations=41 (full 0):
 garbage-first heap   total 328704K, used 170493K [0x0000000080000000, 0x0000000100000000)
  region size 1024K, 2 young (2048K), 2 survivors (2048K)
 Metaspace       used 100916K, capacity 103304K, committed 103888K, reserved 1138688K
  class space    used 12985K, capacity 13893K, committed 14080K, reserved 1048576K
}
Event: 13.462 GC heap before
{Heap before GC invocations=41 (full 0):
 garbage-first heap   total 328704K, used 269821K [0x0000000080000000, 0x0000000100000000)
  region size 1024K, 99 young (101376K), 2 survivors (2048K)
 Metaspace       used 101172K, capacity 103558K, committed 104016K, reserved 1138688K
  class space    used 13013K, capacity 13954K, committed 14208K, reserved 1048576K
}
Event: 13.466 GC heap after
{Heap after GC invocations=42 (full 0):
 garbage-first heap   total 328704K, used 171021K [0x0000000080000000, 0x0000000100000000)
  region size 1024K, 3 young (3072K), 3 survivors (3072K)
 Metaspace       used 101172K, capacity 103558K, committed 104016K, reserved 1138688K
  class space    used 13013K, capacity 13954K, committed 14208K, reserved 1048576K
}
Event: 13.624 GC heap before
{Heap before GC invocations=42 (full 0):
 garbage-first heap   total 328704K, used 272397K [0x0000000080000000, 0x0000000100000000)
  region size 1024K, 102 young (104448K), 3 survivors (3072K)
 Metaspace       used 101315K, capacity 103700K, committed 104272K, reserved 1138688K
  class space    used 13021K, capacity 13958K, committed 14208K, reserved 1048576K
}
Event: 13.629 GC heap after
{Heap after GC invocations=43 (full 0):
 garbage-first heap   total 328704K, used 171737K [0x0000000080000000, 0x0000000100000000)
  region size 1024K, 3 young (3072K), 3 survivors (3072K)
 Metaspace       used 101315K, capacity 103700K, committed 104272K, reserved 1138688K
  class space    used 13021K, capacity 13958K, committed 14208K, reserved 1048576K
}
Event: 13.897 GC heap before
{Heap before GC invocations=44 (full 0):
 garbage-first heap   total 328704K, used 280281K [0x0000000080000000, 0x0000000100000000)
  region size 1024K, 109 young (111616K), 3 survivors (3072K)
 Metaspace       used 101450K, capacity 103921K, committed 104272K, reserved 1138688K
  class space    used 13036K, capacity 13967K, committed 14208K, reserved 1048576K
}
Event: 13.902 GC heap after
{Heap after GC invocations=45 (full 0):
 garbage-first heap   total 328704K, used 171742K [0x0000000080000000, 0x0000000100000000)
  region size 1024K, 3 young (3072K), 3 survivors (3072K)
 Metaspace       used 101450K, capacity 103921K, committed 104272K, reserved 1138688K
  class space    used 13036K, capacity 13967K, committed 14208K, reserved 1048576K
}

