# JRE version: OpenJDK Runtime Environment (11.0.13) (build 11.0.13+0-b1751.21-8125866)
# Java VM: OpenJDK 64-Bit Server VM (11.0.13+0-b1751.21-8125866, mixed mode, tiered, compressed oops, g1 gc, windows-amd64)
Heap:
 garbage-first heap   total 494592K, used 175736K [0x0000000080000000, 0x0000000100000000)
  region size 1024K, 14 young (14336K), 14 survivors (14336K)
 Metaspace       used 110258K, capacity 113082K, committed 113744K, reserved 1146880K
  class space    used 14072K, capacity 15177K, committed 15520K, reserved 1048576K
GC Heap History (20 events):
Event: 17.166 GC heap after
{Heap after GC invocations=45 (full 0):
 garbage-first heap   total 328704K, used 142936K [0x0000000080000000, 0x0000000100000000)
  region size 1024K, 4 young (4096K), 4 survivors (4096K)
 Metaspace       used 109270K, capacity 112005K, committed 112976K, reserved 1146880K
  class space    used 13994K, capacity 15073K, committed 15520K, reserved 1048576K
}
Event: 17.326 GC heap before
{Heap before GC invocations=45 (full 0):
 garbage-first heap   total 328704K, used 270936K [0x0000000080000000, 0x0000000100000000)
  region size 1024K, 129 young (132096K), 4 survivors (4096K)
 Metaspace       used 109486K, capacity 112178K, committed 112976K, reserved 1146880K
  class space    used 14003K, capacity 15079K, committed 15520K, reserved 1048576K
}
Event: 17.329 GC heap after
{Heap after GC invocations=46 (full 0):
 garbage-first heap   total 328704K, used 143124K [0x0000000080000000, 0x0000000100000000)
  region size 1024K, 4 young (4096K), 4 survivors (4096K)
 Metaspace       used 109486K, capacity 112178K, committed 112976K, reserved 1146880K
  class space    used 14003K, capacity 15079K, committed 15520K, reserved 1048576K
}
Event: 17.536 GC heap before
{Heap before GC invocations=46 (full 0):
 garbage-first heap   total 328704K, used 272148K [0x0000000080000000, 0x0000000100000000)
  region size 1024K, 130 young (133120K), 4 survivors (4096K)
 Metaspace       used 109618K, capacity 112325K, committed 113232K, reserved 1146880K
  class space    used 14010K, capacity 15082K, committed 15520K, reserved 1048576K
}
Event: 17.542 GC heap after
{Heap after GC invocations=47 (full 0):
 garbage-first heap   total 328704K, used 145765K [0x0000000080000000, 0x0000000100000000)
  region size 1024K, 7 young (7168K), 7 survivors (7168K)
 Metaspace       used 109618K, capacity 112325K, committed 113232K, reserved 1146880K
  class space    used 14010K, capacity 15082K, committed 15520K, reserved 1048576K
}
Event: 17.728 GC heap before
{Heap before GC invocations=47 (full 0):
 garbage-first heap   total 328704K, used 274789K [0x0000000080000000, 0x0000000100000000)
  region size 1024K, 133 young (136192K), 7 survivors (7168K)
 Metaspace       used 109966K, capacity 112799K, committed 113232K, reserved 1146880K
  class space    used 14085K, capacity 15209K, committed 15520K, reserved 1048576K
}
Event: 17.735 GC heap after
{Heap after GC invocations=48 (full 0):
 garbage-first heap   total 328704K, used 150444K [0x0000000080000000, 0x0000000100000000)
  region size 1024K, 11 young (11264K), 11 survivors (11264K)
 Metaspace       used 109966K, capacity 112799K, committed 113232K, reserved 1146880K
  class space    used 14085K, capacity 15209K, committed 15520K, reserved 1048576K
}
Event: 17.924 GC heap before
{Heap before GC invocations=48 (full 0):
 garbage-first heap   total 328704K, used 277420K [0x0000000080000000, 0x0000000100000000)
  region size 1024K, 135 young (138240K), 11 survivors (11264K)
 Metaspace       used 110094K, capacity 112908K, committed 113488K, reserved 1146880K
  class space    used 14092K, capacity 15219K, committed 15520K, reserved 1048576K
}
Event: 17.940 GC heap after
{Heap after GC invocations=49 (full 0):
 garbage-first heap   total 328704K, used 157545K [0x0000000080000000, 0x0000000100000000)
  region size 1024K, 16 young (16384K), 16 survivors (16384K)
 Metaspace       used 110094K, capacity 112908K, committed 113488K, reserved 1146880K
  class space    used 14092K, capacity 15219K, committed 15520K, reserved 1048576K
}
Event: 18.090 GC heap before
{Heap before GC invocations=49 (full 0):
 garbage-first heap   total 328704K, used 274281K [0x0000000080000000, 0x0000000100000000)
  region size 1024K, 130 young (133120K), 16 survivors (16384K)
 Metaspace       used 110138K, capacity 113048K, committed 113488K, reserved 1146880K
  class space    used 14094K, capacity 15222K, committed 15520K, reserved 1048576K
}
Event: 18.101 GC heap after
{Heap after GC invocations=50 (full 0):
 garbage-first heap   total 328704K, used 163447K [0x0000000080000000, 0x0000000100000000)
  region size 1024K, 8 young (8192K), 8 survivors (8192K)
 Metaspace       used 110138K, capacity 113048K, committed 113488K, reserved 1146880K
  class space    used 14094K, capacity 15222K, committed 15520K, reserved 1048576K
}
Event: 18.231 GC heap before
{Heap before GC invocations=50 (full 0):
 garbage-first heap   total 328704K, used 275063K [0x0000000080000000, 0x0000000100000000)
  region size 1024K, 117 young (119808K), 8 survivors (8192K)
 Metaspace       used 110225K, capacity 113123K, committed 113488K, reserved 1146880K
  class space    used 14095K, capacity 15222K, committed 15520K, reserved 1048576K
}
Event: 18.242 GC heap after
{Heap after GC invocations=51 (full 0):
 garbage-first heap   total 427008K, used 164544K [0x0000000080000000, 0x0000000100000000)
  region size 1024K, 9 young (9216K), 9 survivors (9216K)
 Metaspace       used 110225K, capacity 113123K, committed 113488K, reserved 1146880K
  class space    used 14095K, capacity 15222K, committed 15520K, reserved 1048576K
}
Event: 18.651 GC heap before
{Heap before GC invocations=52 (full 0):
 garbage-first heap   total 427008K, used 330432K [0x0000000080000000, 0x0000000100000000)
  region size 1024K, 170 young (174080K), 9 survivors (9216K)
 Metaspace       used 110218K, capacity 113000K, committed 113488K, reserved 1146880K
  class space    used 14069K, capacity 15171K, committed 15520K, reserved 1048576K
}
Event: 18.659 GC heap after
{Heap after GC invocations=53 (full 0):
 garbage-first heap   total 427008K, used 167599K [0x0000000080000000, 0x0000000100000000)
  region size 1024K, 11 young (11264K), 11 survivors (11264K)
 Metaspace       used 110218K, capacity 113000K, committed 113488K, reserved 1146880K
  class space    used 14069K, capacity 15171K, committed 15520K, reserved 1048576K
}
Event: 18.668 GC heap before
{Heap before GC invocations=53 (full 0):
 garbage-first heap   total 427008K, used 176815K [0x0000000080000000, 0x0000000100000000)
  region size 1024K, 20 young (20480K), 11 survivors (11264K)
 Metaspace       used 110225K, capacity 113009K, committed 113488K, reserved 1146880K
  class space    used 14071K, capacity 15174K, committed 15520K, reserved 1048576K
}
Event: 18.675 GC heap after
{Heap after GC invocations=54 (full 0):
 garbage-first heap   total 427008K, used 163098K [0x0000000080000000, 0x0000000100000000)
  region size 1024K, 2 young (2048K), 2 survivors (2048K)
 Metaspace       used 110225K, capacity 113009K, committed 113488K, reserved 1146880K
  class space    used 14071K, capacity 15174K, committed 15520K, reserved 1048576K
}
Event: 18.907 GC heap before
{Heap before GC invocations=54 (full 0):
 garbage-first heap   total 427008K, used 359706K [0x0000000080000000, 0x0000000100000000)
  region size 1024K, 194 young (198656K), 2 survivors (2048K)
 Metaspace       used 110245K, capacity 113081K, committed 113744K, reserved 1146880K
  class space    used 14072K, capacity 15177K, committed 15520K, reserved 1048576K
}
Event: 18.914 GC heap after
{Heap after GC invocations=55 (full 0):
 garbage-first heap   total 427008K, used 169114K [0x0000000080000000, 0x0000000100000000)
  region size 1024K, 8 young (8192K), 8 survivors (8192K)
 Metaspace       used 110245K, capacity 113081K, committed 113744K, reserved 1146880K
  class space    used 14072K, capacity 15177K, committed 15520K, reserved 1048576K
}
Event: 19.131 GC heap before
{Heap before GC invocations=55 (full 0):
 garbage-first heap   total 427008K, used 358554K [0x0000000080000000, 0x0000000100000000)
  region size 1024K, 193 young (197632K), 8 survivors (8192K)
 Metaspace       used 110258K, capacity 113082K, committed 113744K, reserved 1146880K
  class space    used 14072K, capacity 15177K, committed 15520K, reserved 1048576K
}

