# JRE version: OpenJDK Runtime Environment (11.0.13) (build 11.0.13+0-b1751.21-8125866)
# Java VM: OpenJDK 64-Bit Server VM (11.0.13+0-b1751.21-8125866, mixed mode, tiered, compressed oops, g1 gc, windows-amd64)
Heap:
 garbage-first heap   total 567296K, used 209461K [0x0000000080000000, 0x0000000100000000)
  region size 1024K, 4 young (4096K), 4 survivors (4096K)
 Metaspace       used 124791K, capacity 127900K, committed 128080K, reserved 1161216K
  class space    used 15448K, capacity 16602K, committed 16720K, reserved 1048576K
GC Heap History (20 events):
Event: 2624.467 GC heap after
{Heap after GC invocations=119 (full 0):
 garbage-first heap   total 227328K, used 176062K [0x0000000080000000, 0x0000000100000000)
  region size 1024K, 2 young (2048K), 2 survivors (2048K)
 Metaspace       used 122063K, capacity 124852K, committed 125520K, reserved 1159168K
  class space    used 14994K, capacity 16019K, committed 16208K, reserved 1048576K
}
Event: 2624.497 GC heap before
{Heap before GC invocations=119 (full 0):
 garbage-first heap   total 227328K, used 193470K [0x0000000080000000, 0x0000000100000000)
  region size 1024K, 19 young (19456K), 2 survivors (2048K)
 Metaspace       used 122274K, capacity 125094K, committed 125648K, reserved 1159168K
  class space    used 15013K, capacity 16057K, committed 16336K, reserved 1048576K
}
Event: 2624.503 GC heap after
{Heap after GC invocations=120 (full 0):
 garbage-first heap   total 227328K, used 179803K [0x0000000080000000, 0x0000000100000000)
  region size 1024K, 3 young (3072K), 3 survivors (3072K)
 Metaspace       used 122274K, capacity 125094K, committed 125648K, reserved 1159168K
  class space    used 15013K, capacity 16057K, committed 16336K, reserved 1048576K
}
Event: 2624.534 GC heap before
{Heap before GC invocations=120 (full 0):
 garbage-first heap   total 227328K, used 195163K [0x0000000080000000, 0x0000000100000000)
  region size 1024K, 18 young (18432K), 3 survivors (3072K)
 Metaspace       used 122348K, capacity 125162K, committed 125904K, reserved 1159168K
  class space    used 15016K, capacity 16057K, committed 16336K, reserved 1048576K
}
Event: 2624.539 GC heap after
{Heap after GC invocations=121 (full 0):
 garbage-first heap   total 227328K, used 183063K [0x0000000080000000, 0x0000000100000000)
  region size 1024K, 3 young (3072K), 3 survivors (3072K)
 Metaspace       used 122348K, capacity 125162K, committed 125904K, reserved 1159168K
  class space    used 15016K, capacity 16057K, committed 16336K, reserved 1048576K
}
Event: 2624.566 GC heap before
{Heap before GC invocations=121 (full 0):
 garbage-first heap   total 227328K, used 196375K [0x0000000080000000, 0x0000000100000000)
  region size 1024K, 16 young (16384K), 3 survivors (3072K)
 Metaspace       used 122493K, capacity 125292K, committed 125904K, reserved 1159168K
  class space    used 15018K, capacity 16058K, committed 16336K, reserved 1048576K
}
Event: 2624.569 GC heap after
{Heap after GC invocations=122 (full 0):
 garbage-first heap   total 227328K, used 185638K [0x0000000080000000, 0x0000000100000000)
  region size 1024K, 2 young (2048K), 2 survivors (2048K)
 Metaspace       used 122493K, capacity 125292K, committed 125904K, reserved 1159168K
  class space    used 15018K, capacity 16058K, committed 16336K, reserved 1048576K
}
Event: 2624.590 GC heap before
{Heap before GC invocations=122 (full 0):
 garbage-first heap   total 227328K, used 196902K [0x0000000080000000, 0x0000000100000000)
  region size 1024K, 13 young (13312K), 2 survivors (2048K)
 Metaspace       used 122678K, capacity 125551K, committed 125904K, reserved 1159168K
  class space    used 15087K, capacity 16185K, committed 16336K, reserved 1048576K
}
Event: 2624.594 GC heap after
{Heap after GC invocations=123 (full 0):
 garbage-first heap   total 227328K, used 187917K [0x0000000080000000, 0x0000000100000000)
  region size 1024K, 2 young (2048K), 2 survivors (2048K)
 Metaspace       used 122678K, capacity 125551K, committed 125904K, reserved 1159168K
  class space    used 15087K, capacity 16185K, committed 16336K, reserved 1048576K
}
Event: 2624.639 GC heap before
{Heap before GC invocations=123 (full 0):
 garbage-first heap   total 227328K, used 198157K [0x0000000080000000, 0x0000000100000000)
  region size 1024K, 12 young (12288K), 2 survivors (2048K)
 Metaspace       used 122885K, capacity 125781K, committed 126160K, reserved 1159168K
  class space    used 15135K, capacity 16256K, committed 16336K, reserved 1048576K
}
Event: 2624.643 GC heap after
{Heap after GC invocations=124 (full 0):
 garbage-first heap   total 227328K, used 189987K [0x0000000080000000, 0x0000000100000000)
  region size 1024K, 2 young (2048K), 2 survivors (2048K)
 Metaspace       used 122885K, capacity 125781K, committed 126160K, reserved 1159168K
  class space    used 15135K, capacity 16256K, committed 16336K, reserved 1048576K
}
Event: 2624.660 GC heap before
{Heap before GC invocations=124 (full 0):
 garbage-first heap   total 227328K, used 199203K [0x0000000080000000, 0x0000000100000000)
  region size 1024K, 11 young (11264K), 2 survivors (2048K)
 Metaspace       used 123004K, capacity 126006K, committed 126160K, reserved 1159168K
  class space    used 15166K, capacity 16331K, committed 16336K, reserved 1048576K
}
Event: 2624.665 GC heap after
{Heap after GC invocations=125 (full 0):
 garbage-first heap   total 273408K, used 191627K [0x0000000080000000, 0x0000000100000000)
  region size 1024K, 2 young (2048K), 2 survivors (2048K)
 Metaspace       used 123004K, capacity 126006K, committed 126160K, reserved 1159168K
  class space    used 15166K, capacity 16331K, committed 16336K, reserved 1048576K
}
Event: 2624.704 GC heap before
{Heap before GC invocations=126 (full 0):
 garbage-first heap   total 273408K, used 218251K [0x0000000080000000, 0x0000000100000000)
  region size 1024K, 28 young (28672K), 2 survivors (2048K)
 Metaspace       used 123234K, capacity 126222K, committed 126544K, reserved 1159168K
  class space    used 15200K, capacity 16357K, committed 16464K, reserved 1048576K
}
Event: 2624.710 GC heap after
{Heap after GC invocations=127 (full 0):
 garbage-first heap   total 273408K, used 196148K [0x0000000080000000, 0x0000000100000000)
  region size 1024K, 4 young (4096K), 4 survivors (4096K)
 Metaspace       used 123234K, capacity 126222K, committed 126544K, reserved 1159168K
  class space    used 15200K, capacity 16357K, committed 16464K, reserved 1048576K
}
Event: 2624.733 GC heap before
{Heap before GC invocations=127 (full 0):
 garbage-first heap   total 273408K, used 222772K [0x0000000080000000, 0x0000000100000000)
  region size 1024K, 30 young (30720K), 4 survivors (4096K)
 Metaspace       used 123288K, capacity 126291K, committed 126544K, reserved 1159168K
  class space    used 15207K, capacity 16358K, committed 16464K, reserved 1048576K
}
Event: 2624.741 GC heap after
{Heap after GC invocations=128 (full 0):
 garbage-first heap   total 273408K, used 201031K [0x0000000080000000, 0x0000000100000000)
  region size 1024K, 4 young (4096K), 4 survivors (4096K)
 Metaspace       used 123288K, capacity 126291K, committed 126544K, reserved 1159168K
  class space    used 15207K, capacity 16358K, committed 16464K, reserved 1048576K
}
Event: 2624.782 GC heap before
{Heap before GC invocations=128 (full 0):
 garbage-first heap   total 273408K, used 226631K [0x0000000080000000, 0x0000000100000000)
  region size 1024K, 29 young (29696K), 4 survivors (4096K)
 Metaspace       used 123625K, capacity 126669K, committed 126800K, reserved 1159168K
  class space    used 15270K, capacity 16442K, committed 16464K, reserved 1048576K
}
Event: 2624.789 GC heap after
{Heap after GC invocations=129 (full 0):
 garbage-first heap   total 273408K, used 205958K [0x0000000080000000, 0x0000000100000000)
  region size 1024K, 4 young (4096K), 4 survivors (4096K)
 Metaspace       used 123625K, capacity 126669K, committed 126800K, reserved 1159168K
  class space    used 15270K, capacity 16442K, committed 16464K, reserved 1048576K
}
Event: 2625.047 GC heap before
{Heap before GC invocations=130 (full 0):
 garbage-first heap   total 273408K, used 228486K [0x0000000080000000, 0x0000000100000000)
  region size 1024K, 27 young (27648K), 4 survivors (4096K)
 Metaspace       used 124791K, capacity 127900K, committed 128080K, reserved 1161216K
  class space    used 15448K, capacity 16602K, committed 16720K, reserved 1048576K
}

