# JRE version: OpenJDK Runtime Environment (11.0.13) (build 11.0.13+0-b1751.21-8125866)
# Java VM: OpenJDK 64-Bit Server VM (11.0.13+0-b1751.21-8125866, mixed mode, tiered, compressed oops, g1 gc, windows-amd64)
Heap:
 garbage-first heap   total 478208K, used 140951K [0x0000000080000000, 0x0000000100000000)
  region size 1024K, 2 young (2048K), 2 survivors (2048K)
 Metaspace       used 107978K, capacity 110905K, committed 111184K, reserved 1144832K
  class space    used 14086K, capacity 15265K, committed 15308K, reserved 1048576K
GC Heap History (20 events):
Event: 32.719 GC heap after
{Heap after GC invocations=37 (full 0):
 garbage-first heap   total 157696K, used 108082K [0x0000000080000000, 0x0000000100000000)
  region size 1024K, 1 young (1024K), 1 survivors (1024K)
 Metaspace       used 101472K, capacity 103754K, committed 104272K, reserved 1140736K
  class space    used 12983K, capacity 13854K, committed 14028K, reserved 1048576K
}
Event: 32.768 GC heap before
{Heap before GC invocations=37 (full 0):
 garbage-first heap   total 157696K, used 129586K [0x0000000080000000, 0x0000000100000000)
  region size 1024K, 22 young (22528K), 1 survivors (1024K)
 Metaspace       used 101691K, capacity 104056K, committed 104656K, reserved 1140736K
  class space    used 12999K, capacity 13890K, committed 14156K, reserved 1048576K
}
Event: 32.775 GC heap after
{Heap after GC invocations=38 (full 0):
 garbage-first heap   total 157696K, used 111907K [0x0000000080000000, 0x0000000100000000)
  region size 1024K, 3 young (3072K), 3 survivors (3072K)
 Metaspace       used 101691K, capacity 104056K, committed 104656K, reserved 1140736K
  class space    used 12999K, capacity 13890K, committed 14156K, reserved 1048576K
}
Event: 32.799 GC heap before
{Heap before GC invocations=38 (full 0):
 garbage-first heap   total 157696K, used 129315K [0x0000000080000000, 0x0000000100000000)
  region size 1024K, 21 young (21504K), 3 survivors (3072K)
 Metaspace       used 101853K, capacity 104208K, committed 104912K, reserved 1140736K
  class space    used 13017K, capacity 13899K, committed 14156K, reserved 1048576K
}
Event: 32.808 GC heap after
{Heap after GC invocations=39 (full 0):
 garbage-first heap   total 189440K, used 115460K [0x0000000080000000, 0x0000000100000000)
  region size 1024K, 3 young (3072K), 3 survivors (3072K)
 Metaspace       used 101853K, capacity 104208K, committed 104912K, reserved 1140736K
  class space    used 13017K, capacity 13899K, committed 14156K, reserved 1048576K
}
Event: 32.880 GC heap before
{Heap before GC invocations=39 (full 0):
 garbage-first heap   total 189440K, used 142084K [0x0000000080000000, 0x0000000100000000)
  region size 1024K, 30 young (30720K), 3 survivors (3072K)
 Metaspace       used 102644K, capacity 105231K, committed 105296K, reserved 1140736K
  class space    used 13214K, capacity 14258K, committed 14284K, reserved 1048576K
}
Event: 32.887 GC heap after
{Heap after GC invocations=40 (full 0):
 garbage-first heap   total 189440K, used 120421K [0x0000000080000000, 0x0000000100000000)
  region size 1024K, 4 young (4096K), 4 survivors (4096K)
 Metaspace       used 102644K, capacity 105231K, committed 105296K, reserved 1140736K
  class space    used 13214K, capacity 14258K, committed 14284K, reserved 1048576K
}
Event: 32.940 GC heap before
{Heap before GC invocations=40 (full 0):
 garbage-first heap   total 189440K, used 147045K [0x0000000080000000, 0x0000000100000000)
  region size 1024K, 30 young (30720K), 4 survivors (4096K)
 Metaspace       used 103041K, capacity 105658K, committed 105936K, reserved 1140736K
  class space    used 13289K, capacity 14336K, committed 14412K, reserved 1048576K
}
Event: 32.949 GC heap after
{Heap after GC invocations=41 (full 0):
 garbage-first heap   total 189440K, used 125279K [0x0000000080000000, 0x0000000100000000)
  region size 1024K, 4 young (4096K), 4 survivors (4096K)
 Metaspace       used 103041K, capacity 105658K, committed 105936K, reserved 1140736K
  class space    used 13289K, capacity 14336K, committed 14412K, reserved 1048576K
}
Event: 33.076 GC heap before
{Heap before GC invocations=41 (full 0):
 garbage-first heap   total 189440K, used 150879K [0x0000000080000000, 0x0000000100000000)
  region size 1024K, 29 young (29696K), 4 survivors (4096K)
 Metaspace       used 102979K, capacity 105496K, committed 105936K, reserved 1140736K
  class space    used 13244K, capacity 14254K, committed 14412K, reserved 1048576K
}
Event: 33.084 GC heap after
{Heap after GC invocations=42 (full 0):
 garbage-first heap   total 189440K, used 130048K [0x0000000080000000, 0x0000000100000000)
  region size 1024K, 4 young (4096K), 4 survivors (4096K)
 Metaspace       used 102979K, capacity 105496K, committed 105936K, reserved 1140736K
  class space    used 13244K, capacity 14254K, committed 14412K, reserved 1048576K
}
Event: 33.134 GC heap before
{Heap before GC invocations=43 (full 0):
 garbage-first heap   total 189440K, used 154624K [0x0000000080000000, 0x0000000100000000)
  region size 1024K, 28 young (28672K), 4 survivors (4096K)
 Metaspace       used 103238K, capacity 105789K, committed 106192K, reserved 1140736K
  class space    used 13295K, capacity 14329K, committed 14412K, reserved 1048576K
}
Event: 33.144 GC heap after
{Heap after GC invocations=44 (full 0):
 garbage-first heap   total 247808K, used 134711K [0x0000000080000000, 0x0000000100000000)
  region size 1024K, 4 young (4096K), 4 survivors (4096K)
 Metaspace       used 103238K, capacity 105789K, committed 106192K, reserved 1140736K
  class space    used 13295K, capacity 14329K, committed 14412K, reserved 1048576K
}
Event: 33.160 GC heap before
{Heap before GC invocations=44 (full 0):
 garbage-first heap   total 247808K, used 142903K [0x0000000080000000, 0x0000000100000000)
  region size 1024K, 12 young (12288K), 4 survivors (4096K)
 Metaspace       used 103404K, capacity 105917K, committed 106192K, reserved 1140736K
  class space    used 13319K, capacity 14329K, committed 14412K, reserved 1048576K
}
Event: 33.165 GC heap after
{Heap after GC invocations=45 (full 0):
 garbage-first heap   total 247808K, used 136818K [0x0000000080000000, 0x0000000100000000)
  region size 1024K, 2 young (2048K), 2 survivors (2048K)
 Metaspace       used 103404K, capacity 105917K, committed 106192K, reserved 1140736K
  class space    used 13319K, capacity 14329K, committed 14412K, reserved 1048576K
}
Event: 33.393 GC heap before
{Heap before GC invocations=45 (full 0):
 garbage-first heap   total 247808K, used 174706K [0x0000000080000000, 0x0000000100000000)
  region size 1024K, 40 young (40960K), 2 survivors (2048K)
 Metaspace       used 106248K, capacity 109082K, committed 109392K, reserved 1144832K
  class space    used 13853K, capacity 14989K, committed 15052K, reserved 1048576K
}
Event: 33.401 GC heap after
{Heap after GC invocations=46 (full 0):
 garbage-first heap   total 247808K, used 140113K [0x0000000080000000, 0x0000000100000000)
  region size 1024K, 5 young (5120K), 5 survivors (5120K)
 Metaspace       used 106248K, capacity 109082K, committed 109392K, reserved 1144832K
  class space    used 13853K, capacity 14989K, committed 15052K, reserved 1048576K
}
Event: 33.578 GC heap before
{Heap before GC invocations=46 (full 0):
 garbage-first heap   total 247808K, used 181073K [0x0000000080000000, 0x0000000100000000)
  region size 1024K, 45 young (46080K), 5 survivors (5120K)
 Metaspace       used 107011K, capacity 109882K, committed 110032K, reserved 1144832K
  class space    used 13951K, capacity 15101K, committed 15180K, reserved 1048576K
}
Event: 33.583 GC heap after
{Heap after GC invocations=47 (full 0):
 garbage-first heap   total 247808K, used 140793K [0x0000000080000000, 0x0000000100000000)
  region size 1024K, 1 young (1024K), 1 survivors (1024K)
 Metaspace       used 107011K, capacity 109882K, committed 110032K, reserved 1144832K
  class space    used 13951K, capacity 15101K, committed 15180K, reserved 1048576K
}
Event: 33.727 GC heap before
{Heap before GC invocations=47 (full 0):
 garbage-first heap   total 247808K, used 182777K [0x0000000080000000, 0x0000000100000000)
  region size 1024K, 43 young (44032K), 1 survivors (1024K)
 Metaspace       used 107978K, capacity 110905K, committed 111184K, reserved 1144832K
  class space    used 14086K, capacity 15265K, committed 15308K, reserved 1048576K
}

